build/app/intermediates/manifest_merge_blame_file/release/manifest-merger-blame-release-report.txt
1<?xml version="1.0" encoding="utf-8"?>
2<manifest xmlns:android="http://schemas.android.com/apk/res/android"
3    package="com.xihadulislam.chat_gpt_flutter"
4    android:versionCode="1"
5    android:versionName="1.0.0" >
6
7    <uses-sdk
8        android:minSdkVersion="21"
8-->src\main\AndroidManifest.xml
9        android:targetSdkVersion="33" />
9-->src\main\AndroidManifest.xml
10
11    <uses-permission android:name="android.permission.INTERNET" />
11-->src\main\AndroidManifest.xml:4:5-67
11-->src\main\AndroidManifest.xml:4:22-64
12
13    <permission
13-->[androidx.core:core:1.9.0] AndroidManifest.xml:22:5-24:47
14        android:name="com.xihadulislam.chat_gpt_flutter.DYNAMIC_RECEIVER_NOT_EXPORTED_PERMISSION"
14-->[androidx.core:core:1.9.0] AndroidManifest.xml:23:9-81
15        android:protectionLevel="signature" />
15-->[androidx.core:core:1.9.0] AndroidManifest.xml:24:9-44
16
17    <uses-permission android:name="com.xihadulislam.chat_gpt_flutter.DYNAMIC_RECEIVER_NOT_EXPORTED_PERMISSION" />
17-->[androidx.core:core:1.9.0] AndroidManifest.xml:26:5-97
17-->[androidx.core:core:1.9.0] AndroidManifest.xml:26:22-94
18
19    <application
20        android:name="android.app.Application"
20-->src\main\AndroidManifest.xml:8:9-42
21        android:appComponentFactory="androidx.core.app.CoreComponentFactory"
21-->[androidx.core:core:1.9.0] AndroidManifest.xml:28:18-86
22        android:icon="@mipmap/ic_launcher"
22-->src\main\AndroidManifest.xml:9:9-43
23        android:label="chat_gpt_flutter" >
23-->src\main\AndroidManifest.xml:7:9-41
24        <activity
24-->src\main\AndroidManifest.xml:10:9-30:20
25            android:name="com.xihadulislam.chat_gpt_flutter.MainActivity"
25-->src\main\AndroidManifest.xml:11:13-41
26            android:configChanges="orientation|keyboardHidden|keyboard|screenSize|smallestScreenSize|locale|layoutDirection|fontScale|screenLayout|density|uiMode"
26-->src\main\AndroidManifest.xml:15:13-163
27            android:exported="true"
27-->src\main\AndroidManifest.xml:12:13-36
28            android:hardwareAccelerated="true"
28-->src\main\AndroidManifest.xml:16:13-47
29            android:launchMode="singleTop"
29-->src\main\AndroidManifest.xml:13:13-43
30            android:theme="@style/LaunchTheme"
30-->src\main\AndroidManifest.xml:14:13-47
31            android:windowSoftInputMode="adjustResize" >
31-->src\main\AndroidManifest.xml:17:13-55
32
33            <!--
34                 Specifies an Android theme to apply to this Activity as soon as
35                 the Android process has started. This theme is visible to the user
36                 while the Flutter UI initializes. After that, this theme continues
37                 to determine the Window background behind the Flutter UI.
38            -->
39            <meta-data
39-->src\main\AndroidManifest.xml:22:13-25:17
40                android:name="io.flutter.embedding.android.NormalTheme"
40-->src\main\AndroidManifest.xml:23:15-70
41                android:resource="@style/NormalTheme" />
41-->src\main\AndroidManifest.xml:24:15-52
42
43            <intent-filter>
43-->src\main\AndroidManifest.xml:26:13-29:29
44                <action android:name="android.intent.action.MAIN" />
44-->src\main\AndroidManifest.xml:27:17-68
44-->src\main\AndroidManifest.xml:27:25-66
45
46                <category android:name="android.intent.category.LAUNCHER" />
46-->src\main\AndroidManifest.xml:28:17-76
46-->src\main\AndroidManifest.xml:28:27-74
47            </intent-filter>
48        </activity>
49        <!--
50             Don't delete the meta-data below.
51             This is used by the Flutter tool to generate GeneratedPluginRegistrant.java
52        -->
53        <meta-data
53-->src\main\AndroidManifest.xml:33:9-35:33
54            android:name="flutterEmbedding"
54-->src\main\AndroidManifest.xml:34:13-44
55            android:value="2" />
55-->src\main\AndroidManifest.xml:35:13-30
56        <!--
57           Declares a provider which allows us to store files to share in
58           '.../caches/share_plus' and grant the receiving action access
59        -->
60        <provider
60-->[:share_plus] AndroidManifest.xml:15:9-23:20
61            android:name="dev.fluttercommunity.plus.share.ShareFileProvider"
61-->[:share_plus] AndroidManifest.xml:16:13-77
62            android:authorities="com.xihadulislam.chat_gpt_flutter.flutter.share_provider"
62-->[:share_plus] AndroidManifest.xml:17:13-74
63            android:exported="false"
63-->[:share_plus] AndroidManifest.xml:18:13-37
64            android:grantUriPermissions="true" >
64-->[:share_plus] AndroidManifest.xml:19:13-47
65            <meta-data
65-->[:share_plus] AndroidManifest.xml:20:13-22:68
66                android:name="android.support.FILE_PROVIDER_PATHS"
66-->[:share_plus] AndroidManifest.xml:21:17-67
67                android:resource="@xml/flutter_share_file_paths" />
67-->[:share_plus] AndroidManifest.xml:22:17-65
68        </provider>
69        <!--
70           This manifest declared broadcast receiver allows us to use an explicit
71           Intent when creating a PendingItent to be informed of the user's choice
72        -->
73        <receiver
73-->[:share_plus] AndroidManifest.xml:28:9-34:20
74            android:name="dev.fluttercommunity.plus.share.SharePlusPendingIntent"
74-->[:share_plus] AndroidManifest.xml:29:13-82
75            android:exported="true" >
75-->[:share_plus] AndroidManifest.xml:30:13-36
76            <intent-filter>
76-->[:share_plus] AndroidManifest.xml:31:13-33:29
77                <action android:name="EXTRA_CHOSEN_COMPONENT" />
77-->[:share_plus] AndroidManifest.xml:32:17-65
77-->[:share_plus] AndroidManifest.xml:32:25-62
78            </intent-filter>
79        </receiver>
80
81        <uses-library
81-->[androidx.window:window:1.0.0-beta04] AndroidManifest.xml:25:9-27:40
82            android:name="androidx.window.extensions"
82-->[androidx.window:window:1.0.0-beta04] AndroidManifest.xml:26:13-54
83            android:required="false" />
83-->[androidx.window:window:1.0.0-beta04] AndroidManifest.xml:27:13-37
84        <uses-library
84-->[androidx.window:window:1.0.0-beta04] AndroidManifest.xml:28:9-30:40
85            android:name="androidx.window.sidecar"
85-->[androidx.window:window:1.0.0-beta04] AndroidManifest.xml:29:13-51
86            android:required="false" />
86-->[androidx.window:window:1.0.0-beta04] AndroidManifest.xml:30:13-37
87    </application>
88
89</manifest>